2024-07-03 12:17:01 - Conflict: /home/matias/.local/bin/volca.py is a different symlink.
2024-07-03 12:17:01 - Conflict: /home/matias/.local/bin/quickcommand.sh is a different symlink.
2024-07-03 12:17:01 - Conflict: /home/matias/.local/bin/whatkey.py is a different symlink.
2024-07-03 12:17:01 - Conflict: /home/matias/.local/bin/urxvt-font-switch.xsh is a different symlink.
2024-07-03 12:17:01 - Removed broken symlink: /home/matias/.local/bin/quickcommand.sh
2024-07-03 12:17:01 - Removed broken symlink: /home/matias/.local/bin/update_script_symlinks.sh
2024-07-03 12:17:01 - Removed broken symlink: /home/matias/.local/bin/urxvt-font-switch.xsh
2024-07-03 12:17:01 - Removed broken symlink: /home/matias/.local/bin/volca.py
2024-07-03 12:17:01 - Removed broken symlink: /home/matias/.local/bin/whatkey.py
2024-07-04 16:20:48 - Conflict: /home/matias/.local/bin/volca.py already exists and links to a different file.
2024-07-04 16:20:48 - Conflict: /home/matias/.local/bin/quickcommand.sh already exists and links to a different file.
2024-07-04 16:20:48 - Conflict: /home/matias/.local/bin/whatkey.py already exists and links to a different file.
2024-07-04 16:20:48 - Conflict: /home/matias/.local/bin/urxvt-font-switch.xsh already exists and links to a different file.
2024-07-17 16:56:18 - Conflict: /home/matias/.local/bin/quickcommand.sh already exists and links to a different file.
2024-07-17 16:56:18 - Conflict: /home/matias/.local/bin/whatkey.py already exists and links to a different file.
2024-07-17 16:56:18 - Conflict: /home/matias/.local/bin/urxvt-font-switch.xsh already exists and links to a different file.
2024-07-17 16:56:18 - Conflict: /home/matias/.local/bin/volca.py already exists and links to a different file.
2024-07-17 21:42:14 - Conflict: /home/matias/.local/bin/quickcommand.sh already exists and links to a different file.
2024-07-17 21:42:14 - Conflict: /home/matias/.local/bin/whatkey.py already exists and links to a different file.
2024-07-17 21:42:14 - Conflict: /home/matias/.local/bin/urxvt-font-switch.xsh already exists and links to a different file.
2024-07-17 21:42:14 - Conflict: /home/matias/.local/bin/volca.py already exists and links to a different file.
2024-07-17 21:42:14 - Conflict: /home/matias/.local/bin/utils_update_symlinks.sh is a different symlink.
2024-07-17 21:42:14 - Conflict: /home/matias/.local/bin/utils_update_readme.py is a different symlink.
2024-07-17 21:42:14 - Removed broken symlink: /home/matias/.local/bin/update_script_symlinks.sh
2024-07-17 21:42:14 - Removed broken symlink: /home/matias/.local/bin/utils_update_readme.py
2024-07-17 21:42:14 - Removed broken symlink: /home/matias/.local/bin/utils_update_symlinks.sh
